4702.5
3971
4820
5669
7370
7257
7370
7257
6742
6001
5153
5807
5904
5807
5459
5807
5862.5
5918
6229
5918
5636.5
5996
6268
5996
6268
6540
6268
6540
6822.5
7065
7112.5
6580
6188
5996
5914.5
5996
5914.5
5833
5914.5
5833
5612.5
5392
5804
5775
5804
5775
5804
5775
5854.5
5876
5854.5
5833
5583.5
5392
5380
5289
4914
4718
4628.5
4718
4628.5
4718
4527
4539
4527
4539
4692.5
4780
5011
5242
5011
4718
4603
4518
4603
4667
4603
4667
4692.5
4718
4692.5
4718
4692.5
4667
4749
4667
4603
4667
4667
4539
4528.5
4539
4603
4518
4423.5
4485
4345
4306
4317
4328
4317
4328
4317
4328
4423.5
4485
4501.5
4518
4501.5
4518
4542.5
4518
4542.5
4567
4667
4667
4542.5
4518
4501.5
4328
4406.5
4518
4617
4667
4667
4667
4723.5
4667
4634
4601
4667
4667
4723.5
4780
4723.5
4667
4584
4601
4634
4601
4780.5
4667
4780.5
4894
4780.5
4894
4904.5
4915
4977.5
4915
4780.5
4601
4780
4667
4634
4601
4584
4567
4584
4601
4603
4605
4603
4601
4603
4605
4603
4601
4603
4605
4603
4605
4749
4605
4603
4601
4584
4601
4584
4601
4749
4894
4749
4605
4749
4605
4584
4601
4749
4893
4893.5
4894
4907
4894
4977.5
5035
5090.5
5035
5220
5035
4964.5
5035
5220
5294
5316.5
5339
5324
5329
5220
5146
5220
5294
5311.5
5329
5335
