3084.5
2547
1227.5
1633
3928
2959
5051
4949
6215.5
6482
6314
6146
5849
5552
5849
6146
5849
5252
4728
5188
5301.5
5188
4921.5
4655
4921.5
5063
5157.5
5063
4859
5185
5124
5185
5124
5320
5252.5
5185
5252.5
5185
5252.5
5320
5335.5
5185
5252.5
5320
5289
5320
5352
5384
5289
5258
5394.5
5384
5394.5
5384
5321
5258
5160.5
5063
4959
5063
4959
5063
5331.5
5258
5160.5
5405
5331.5
5063
4959
5063
4959
5063
5124
4855
5124
5185
5201
5217
5124
4855
4385.5
4220
4077
4376
4298
4376
4385.5
4376
4298
4220
4298
4376
4298
4376
4526.5
4677
4298
4376
4747
4817
4836
4677
4397
4418
4547.5
4418
4547.5
4621
4649
4677
4649
4705
4761
4817
5023
5171
5178
5171
5178
5185
5167
4875
4850.5
4826
4821.5
4817
4821.5
4817
4705.5
4817
4821.5
4713
4709.5
4706
4691
4677
4691
4677
4655
4677
4691
4705
4655
4677
4705.5
4705
4709.5
4713
4816
4713
4764
4713
4764
4815
4819
4821
4823.5
4826
4841.5
4875
4924
4875
4866
4875
4924
4973
4991
4923
4948
4973
4948
4857
4823.5
4817
4764
4713
4764
