5067.5
4347
2799.5
1258
1255
2489
3253
4877
5909.5
4349
4613
4349
4613
4877
5482.5
4349
5200
6051
5472.5
6051
6019.5
5988
5714.5
5441
6019.5
5441
6019.5
6051
6019.5
5988
5714.5
5441
5714.5
5441
5404.5
5441
5489
5449
5617
5705
5656
5607
5568
5607
5568
5607
5568
5529
5489
5449
5441.5
5449
5489
5449
5441.5
5434
5239.5
5434
5375
5045
5180.5
5316
4945
5316
5375
5045
5180.5
4885
4865
4845
4865
4845
4801
4845
4801
4885
4865
4845
4801
4757
4572
4387
4572
4085
4236
4085
4616
4845
4284
4387
4284
4387
4284
4387
4616
4387
4372.5
4387
4372.5
4387
4372.5
4358
4221
4181
4167
4181
4221
4181
4221
4261
4309.5
4400
4379
4400
4804
4400
4804
4763
4581.5
4400
4581.5
4763
4379
4358
4379
4763
4824
4763
4581.5
4763
4819
4763
4819
4911
4893
4875
4819
4875
4893
4966
4938.5
4911
4893
4875
4819
4708
4735.5
4708
4735.5
4763
4819
4875
4819
4763
4735.5
4597
4682.5
4657
4682.5
4657
4682.5
4708
4682.5
4657
4627
4597
4627
4708
4735.5
4763
4735.5
4763
4794
4708
4693.5
4679
4668
4679
4683
4708
4697.5
4708
4697.5
4763
4794
4825
4829
4763
4829
4825
4794
4763
4829
4875
5030.5
5150
5030.5
4911
4893
5150
5151.5
4911
4893
4911
4893
4911
5030.5
5153
5030.5
5153
5156.5
5160
5156.5
5150
5151.5
5153
5212.5
5265
5304.5
5344
5304.5
5265
5259
5253
5206.5
5253
5304.5
5253
5259
5253
5206.5
5265
5345
5344
5304.5
5344
5304.5
5265
5304.5
5346
5375
5346
5345
5344
5259
5253
