5710
8306
1882
2504
1499
4768
4778.5
4457
3589.5
2791
4612.5
4457
4030
3603
2976.5
3603
5807
5904
5744.5
5779
5996
5904
5841.5
5904
5841.5
5710
5744.5
5779
5841.5
5779
5908
5779
5686
5593
5686
5593
5097
5485
5097
5485
5198
5485
5198
5426
5455.5
4911
5168.5
4911
5050.5
5426
5050.5
5190
5308
5426
5308
5426
5455.5
5485
5539
5485
5539
5485
5455.5
5485
5455.5
5426
5414.5
5426
5414.5
5403
5296.5
5426
5414.5
5426
5572.5
5719
5414.5
5403
5368.5
5334
5368.5
5334
5368.5
5403
5414.5
5334
5368.5
5283
5234.5
5218
5234.5
5251
5234.5
5283
5234.5
5218
5217
5216
5145.5
5060
4988.5
5019
5067.5
5075
5145.5
5075
5039.5
5060
5009.5
4977
4890
4770
4786.5
4843
4786.5
4803
4786.5
4770
4747.5
4725
4643
4554
4639.5
4725
4639.5
4554
4639.5
4554
4534.5
4554
4500.5
4486
4471
4456
4471
4515
4471
4456
4471
4456
4471
4486
4471
4486
4471
4486
4471
4456
4471
4486
4471
4456
4405
4456
4405
4456
4405
4456
4405
4456
4405
4486
4405
4456
4471
4456
4454
4452
4454
4456
4454
4486
4471
4452
4454
4452
4454
4456
4534.5
4515
4485.5
4515
4454
4452
4485.5
4456
4485.5
4456
4485.5
4554
4655
4725
4747.5
4585
4747.5
4843
4806.5
4843
4853.5
4864
4853.5
4843
4853.5
4864
4853.5
4770
4655
4725
4655
4585
4655
4585
4557.5
4585
4557.5
4585
4522.5
4530
4580
4585
4655
4725
4784
4843
4849.5
4585
4552.5
4530
4522.5
4530
4552.5
4530
4580
4585
4580
4776
4680.5
4776
4816
4776
4680.5
4585
4816
4856
4895.5
4927
4860
