4577.5
5959
3033
3855
4220.5
1272
4607
3396
3991
3396
3658
3396
3979.5
3920
3979.5
4210
4787
4958
4413
4616
4413
4039
4327.5
4616
4787
4958
5056
4958
5181
5154
4811
4852
4792
4814
4718.5
4770
4792
4770
4792
4852
4911.5
4971
4911.5
4852
4911.5
4814
4781
4792
4781
4792
4718.5
4667
4718.5
4667
4662
4657
4394
4555
4394
4555
4394
4233
4063
4233
4063
4233
4394
4555
4452.5
4350
4327
4350
4327
4304
4327
4350
4437
4524
4539.5
4524
4437
4304
4268.5
4233
4268.5
4304
4437
4524
4437
4350
4437
4555
4642
4657
4660.5
4657
4660.5
4650
4642
4650
4642
4650
4642
4664
4657
4664
4657
4650
4642
4634
4642
4664
4657
4664
4657
4649
4610.5
4587
4610.5
4587
4570.5
4634
4641.5
4649
4657
4664
4657
4649
4667.5
4748
4667.5
4686
4667.5
4686
4667.5
4686
4641.5
4686
4641.5
4649
4641.5
4649
4641.5
4649
4641.5
4686
4667.5
4686
4667.5
4686
4772
4686
4772
4778
4772
4778
4814
4778
4726
4686
4667.5
4686
4726
4778
4814
4778
4772
4766
4814
4778
4814
4778
4772
4778
4772
4778
4772
4778
4772
4778
4886.5
4850
4814
4778
4772
4778
4814
4778
4707.5
4649
4707.5
4649
4772
4766
4747
4766
4747
4766
4694
4649
4654.5
4728
4694
4660
4694
4728
4747
4766
4694
4660
4694
4728
4654.5
4649
4694
4728
4814
4850
4876.5
4903
4917.5
4903
4876.5
4903
4917.5
4903
4937.5
4943
4937.5
5099
5021
5099
5127
5099
5170
5185
5187.5
5185
5312.5
5435
5187.5
5155
5170
5185
5170
5155
5187.5
5190
5187.5
5185
5170
5155
5127
5155
5127
5099
5127
5099
5127
5099
5074
5155
5187.5
5185
5187.5
5190
5278
5247
5224
5190
5195.5
5185
5187.5
5190
5187.5
5190
5187.5
5185
5187.5
5201
5187.5
5185
5170
5185
5127
5185
5187.5
5185
5130.5
5155
5102.5
5106
5130.5
5099
5102.5
5106
5170
5185
5187.5
5190
5195.5
5190
5187.5
5201
5195.5
5190
5187.5
5190
5187.5
5190
5170
5155
5164.5
5144
5125
5144
5125
5106
5164.5
5185
5164.5
5185
5164.5
5144
5102.5
5106
5102.5
5079
5064
5079
5089
5079
5089
5099
5089
5079
5089
5049
5047
5049
5009
5045
5047
5045
5047
5045
5047
5049
5009
5045
5009
5049
5047
5079
5064
5049
5047
5045
5009
4973
4938
4903
4889.5
4903
4900
4903
4900
4882
4880.5
4882
4889.5
4879
4874
4854
4832
4810
4861.5
4869
4874
4869
4880.5
4879
4874
4882
4889.5
4882
4889.5
4897
4938
4897
4900
4897
4900
4903
4938
4903
4938
5045
5047
5045
5047
5045
5047
4973
4900
4897
4938
4903
4938
4973
5009
4973
5009
4903
5009
4903
4889.5
4897
4900
4973
4938
4903
4900
4897
4889.5
4903
4938
5045
5064
5049
5047
5079
5064
5079
5047
5049
5047
5045
5047
5045
4935
5045
5009
4973
5009
5045
5009
4973
4935
4973
4889.5
4882
4889.5
4882
4880.5
4879
4882
4882
4889.5
4897
4899
4901
4937
4901
4889.5
4882
4899
4901
4937
4897
4889.5
4897
4899
4882
4889.5
4901
4899
4897
4889.5
4882
4882
4882
4882
4882
4889.5
4897
4889.5
4882
4882
4882
4882
4882
4874
4869
4874
4879
4880.5
4869
4880.5
4882
4889.5
4882
4882
4882
4899
4882
4889.5
4882
4889.5
4882
4889.5
4882
4882
4882
4889.5
4882
4899
4901
4899
4897
4899
4897
4899
4897
4889.5
4897
4889.5
4882
4882
4882
4889.5
4897
4899
4882
4889.5
4882
4882
4882
4899
4901
4909.5
4897
4909.5
4918
4909.5
4901
4899
4897
4889.5
4897
4899
4897
4899
4897
4889.5
4882
4899
4882
4899
4897
4889.5
4882
4882
4882
4882
4882
4882
4882
4882
4897
4899
4897
4889.5
4882
