6142.5
7166
6317
2311
2202
3769
3132
4260
4014.5
3769
5410
3769
4877.5
4548
5554
4548
4113
4502
4113
4502
4113
3724
4113
4502
4706
4548
4706
4864
4729
4594
4548
4485
4539.5
4594
4599.5
4605
4599.5
4605
4599.5
4594
4599.5
4605
4728
4794
4813.5
4833
4813.5
4842
4959
4842
4813.5
4833
4708.5
4794
4778.5
4794
4813.5
4833
4837.5
4842
5024.5
5207
5024.5
5207
5189
5171
5189
4923
5047
4923
4882.5
4842
4882.5
4923
4837.5
4833
4813.5
4833
4837.5
4842
4882.5
5171
5047
5171
4882.5
4923
5047
4923
4843
4763
4843
4913
4918
4913
4918
4913
4909.5
4913
4918
4913
4961
4923
4918
4923
4918
4923
4918
4923
4961
4923
5083
4923
4961
4913
4789.5
4906
4789.5
4673
4789.5
4906
4909.5
4913
4918
4913
4948
4973
5033.5
5068
5117.5
5167
5177.5
5188
5226.5
5265
5226.5
5265
5267.5
5188
5226.5
5265
5267.5
5265
5267.5
5265
5287.5
5265
5267.5
5270
5226.5
5270
5287.5
5270
5267.5
5265
5287.5
5331
5347
5331
5347
5305
5287.5
5265
5267.5
5270
5267.5
5265
5216
5265
5216
5265
5267.5
5265
5117.5
5068
5053
5068
5053
5038
5053
5167
5192
5192
5179.5
5192
5179.5
5167
5117.5
5192
5192
5192
5179.5
5192
5179.5
5192
5117.5
5068
5117.5
5167
5192
5192
5192
5192
5179.5
5192
5192
5265
5316.5
5270
5316.5
5363
5316.5
5270
5366
5363
5437
5363
5316.5
5270
5316.5
5270
5267.5
5270
5267.5
5270
5294
5270
5294
5363
5340.5
5318
5340.5
5318
5294
5363
5340.5
5363
5340.5
5363
5366
5318
5267.5
5265
5231
5265
5238.5
5212
5194.5
5192
5192
5192
5194.5
5192
5204.5
5197
5192
5038
5115
5038
5014
5038
5014
4949
4969.5
5038
5115
5038
5014
4949
4969.5
4949
4902.5
4949
4902.5
4947
4858
4858
4948
4990
4969.5
4990
5014
5038
5014
5192
5192
5197
5204.5
5212
5194.5
5192
5192
5192
5192
5192
5194.5
5197
5204.5
5197
5204.5
5197
5194.5
5197
5194.5
5212
5204.5
5192
5194.5
5197
5204.5
5197
5194.5
5192
5192
5038
5014
5192
5115
5192
5192
5197
5194.5
5212
5194.5
5197
5194.5
5192
5194.5
5192
5192
5192
5194.5
5192
5194.5
5192
5194.5
5192
5194.5
5197
5192
5192
5192
5197
5194.5
5212
5229
5212
5204.5
5197
5204.5
5246
5204.5
5212
5204.5
5197
5194.5
5197
5192
5192
5091
5192
5194.5
5197
5229
5197
5146.5
5197
5043
5197
5043
5096
5146.5
5096
5043
5096
5146.5
4990
5043
4990
4957.5
4925
4901.5
4925
4901.5
4878
4901.5
4990
4957.5
4878
4868
4925
4957.5
4925
4868
4878
4901.5
4878
4868
4858
4855.5
4853
4858
4858
4855.5
4858
4855.5
4853
