4956
4953
7135
8340
8433.5
5668
5478
5288
4335.5
4768
4175.5
4768
4562.5
4357
4562.5
4768
4789.5
4992
4901.5
4811
4901.5
4859
4925.5
4859
4889
4859
4889
4919
4955.5
4859
4743.5
4628
4708
4859
4823.5
4628
3661
3692
4194
4788
4823.5
4919
5110
4919
5110
5439
5110
4919
4912
4919
4915
4925
5113
4925
4915
4905
5113
4925
4915
4925
5328
5379
5328
4925
5328
5355
5328
5301
4960
4925
4960
4995
5148
5355
5328
5355
5175
5355
5367
4995
4915
4905
4915
4925
4895
4885
4827.5
4770
4827.5
4885
4827.5
4650
4574.5
4499
4485.5
4499
4561
4472
4561
4472
4390
4464
4390
4316
4388.5
4313
4271
4313
4271
4229
4207.5
4209
4219
4229
4207.5
4206
4207.5
4206
4197.5
4186
4165.5
4056
4021.5
3987
3922.5
3987
3964
4056
4130
4145
4130
4186
4165.5
4145
4085.5
3987
3922.5
3904
3810.5
3904
3922.5
3904
3810.5
3941
3922.5
3904
3964
3987
4020.5
4054
4020.5
3987
4020.5
3987
4020.5
3987
3922.5
3941
4020.5
3987
3964
3941
3922.5
3945
3966
3987
4020.5
3945
3943
3945
4020.5
3987
4020.5
3945
3966
3987
4020.5
4054
4020.5
4054
4020.5
3987
3966
3945
3966
3945
3943
3941
3943
3945
4020.5
3987
4020.5
3945
4020.5
4079
4066.5
4054
4020.5
4054
4020.5
3987
4066.5
4079
4080
4081
4120
4115
4098
4125
4098
4115
4098
4081
4098
4125
4120
4125
4306.5
4386
4400.5
4415
4400.5
4386
4370
4415
4370
4386
4370
4354
4400.5
4386
4400.5
4415
4421
4386
4400.5
4415
4421
4427
4421
4442
4421
4442
4481
4482
4520.5
4559
4572
4585
4598
4611
4598
4585
4598
4585
4520.5
4482
4520.5
4559
4520.5
4559
4520.5
4480
4436
4480
4461
4482
4520.5
4585
4572
4559
4598
4611
4614
4617
4621.5
4626
4614
4617
4614
4585
4598
4611
4598
4611
4598
4611
4598
4585
4614
4617
4621.5
4626
4621.5
4617
4598
4585
4572
4559
4598
4585
4598
4611
4614
4611
4598
4611
4598
4611
4621.5
4626
4614
4611
4621.5
4626
4621.5
4617
4614
4617
4621.5
4626
4637.5
4649
4681.5
4692
4681.5
4671
4681.5
4690
4680.5
4671
4660
4671
4680.5
4671
4691
4692
4691
4692
4712.5
4692
4691
4690
4691
4707
4699.5
4692
4691
4690
4691
4671
4660
4690
4660
4649
4660
4671
4691
4690
4699.5
4707
4699.5
4707
4739
4745
4747
4757
4775.5
4847
4820.5
4847
4775.5
4794
4798
4802
4856
4847
4824.5
4794
4798
4794
4775.5
4794
4798
4794
4798
4847
4824.5
4847
4798
4757
4753
4749
4753
4757
4798
4802
4807
4847
4829.5
4865
4856
4950
4907.5
4847
4807
4802
4798
4802
4775.5
4757
4752.5
4748
4746.5
4745
4752.5
4757
4775.5
4794
4798
4812
4829.5
4847
4829.5
4812
4829.5
4847
4861.5
4847
4829.5
4847
4829.5
4812
4852.5
4812
4829.5
4802
4807
4802
4798
4802
4807
4802
4807
4847
4852.5
4847
4852.5
4858
4861.5
4865
4861.5
4941
4945.5
4950
4945.5
4865
4861.5
4858
4861.5
4847
4852.5
4858
4903
4941
4903
4941
4903
4865
4861.5
4865
4903
4865
4903
4865
4903
4858
4852.5
4865
4852.5
4847
4852.5
4822
4817
4822
4834.5
4847
4834.5
4822
4807
4802
4817
4847
4817
4822
4834.5
4858
4852.5
4822
4834.5
4822
4807
4794
4794
4794
4798
4794
4807
4812
4807
4802
4807
4812
4825
4822
4825
4812
4807
4794
4771
4794
4798
4802
4817
4812
4798
4812
4807
4812
4817
4812
4798
4802
4807
4794
4794
4751
4749.5
4748
4749.5
4751
4794
4794
4807
4802
4798
4812
4798
4802
4807
4812
4817
4822
4825
4822
4807
4822
4817
4812
4817
4802
4807
4802
4798
4794
4798
4802
4817
4822
4817
4822
4825
4822
4817
4812
4807
4794
4798
4802
4807
4794
4749.5
4748
4746.5
4744
4744.5
4745
4743.5
4745
4744.5
4744
4746.5
4745
4744.5
4748
4746.5
4748
4749.5
4751
4772.5
4794
4772.5
4751
4798
4802
4807
4794
4772.5
4751
4772.5
4802
4798
4802
4817
4802
4811
4822
4837.5
4828
4825
4812
4811
4810
4806
4812
4817
4812
4817
4822
4825
4828
4837.5
4858
4837.5
4847
4852.5
4865
4861.5
4865
4887.5
4910
4887.5
4865
4852.5
4865
4887.5
4865
4887.5
4865
4861.5
4858
4843
4841
4861.5
4865
4849.5
4841
4834.5
4828
4825
4822
4825
4828
4834.5
4828
4817
4812
4812
4812
4812
4812
4812
4812
4812
4812
4812
4812
4812
4812
4812
4812
4812
4812
4812
4812
4812
4822
