6148.5
2820
4764.5
6709
5576.5
4444
3991
3282
2812.5
3282
2756.5
3170
2756.5
3282
3595
3908
4415
4537
4574
4293
4271.5
4250
4271.5
4293
4146.5
4043
4146.5
4043
4271.5
4293
4452
4611
5015
5419
5428
5437
5456
5475
5456
5437
5456
5437
5456
5475
5492
5509
5587.5
5475
5492
5509
5492
5475
5478.5
5475
5456
5475
5428
5437
5428
5437
5401
5475
5456
5365
5344
4636
4429.5
4223
4201
4179
4159.5
4140
4159.5
4140
4159.5
4179
4407.5
4731
4683.5
4731
5164
5005
4868
4731
4683.5
4636
4465
4636
4465
4731
4512.5
4731
5011
4731
4868
5005
5170
5017
5170
5323
5415.5
5430
5421.5
5413
5500.5
5571
5610
5571
5610
5649
5610
5649
5547
5649
5547
5445
5547
5649
5437.5
5445
5437.5
5445
5437.5
5430
5421.5
5413
5407
5413
5421.5
5430
5421.5
5413
5421.5
5430
5483.5
5522
5437.5
5430
5437.5
5522
5670
5649
5585.5
5649
5483.5
5445
5483.5
5522
5483.5
5445
5532.5
5543
5532.5
5445
5483.5
5430
5421.5
5415
5422.5
5430
5483.5
5445
5483.5
5543
5596
5543
5483.5
5415
5414
5413
5350.5
5288
5229
5259
5273.5
5259
5273.5
5378
5414
5378
5333
5413
5414
5415
5395.5
5378
5333
5317
5313
5309
5313
5317
5347.5
5378
5347.5
5378
5395.5
5378
5347.5
5317
5313
5309
5298.5
5317
5298.5
5288
5298.5
5309
5298.5
5309
5298.5
5288
5273.5
5259
5166
5045
5025.5
5045
5078.5
5045
4985
4964
4985
5006
5023.5
4964
4985
4964
4985
5006
5023.5
5041
5023.5
5006
4960.5
4964
4985
4957
4938
4919
4960.5
5006
5023.5
4957
4891.5
4919
4938
4864
4938
4919
4954.5
5006
5043
5006
5023.5
4957
4981.5
4957
4981.5
4957
4935.5
4952
4954.5
4952
4981.5
4957
4981.5
4952
4981.5
5006
4954.5
4952
4935.5
4919
4935.5
4919
4935.5
4957
4935.5
4952
4954.5
4919
4754
4782
4754
4726
4701.5
4650
4663.5
4677
4663.5
4677
4701.5
4677
4663.5
4677
4729.5
4782
4729.5
4782
4729.5
4782
4729.5
4782
4729.5
4677
4729.5
4802
4841
4782
4663.5
4650
4729.5
4802
4841
4782
4729.5
4782
4729.5
4677
4637
4650
4663.5
4650
4607.5
4624
4607.5
4591
4564
4525
4564
4591
4607.5
4591
4607.5
4650
4637
4677
4792
4782
4792
4802
4841
4880
4841
4880
4899.5
4802
4792
4782
4841
4919
4899.5
4880
4841
4802
4792
4782
4792
4802
4841
4880
4841
4802
4738.5
4695
4663.5
4677
4637
4624
4608
4608
4591.5
4576
4583.5
4591
4573.5
4576
4573.5
4576
4573.5
4560
4526
4514
4506
4514
4506
4462
4449
4462
4449
4436
4398.5
4436
4480
4498
4480
4498
4506
4498
4480
4498
4506
4498
4506
4498
4506
4498
4480
4498
4506
4498
4449
4436
4480
4436
4398.5
4361
4449
4436
4449
4436
4480
4514
4506
4462
4480
4498
4480
4462
4480
4514
4514.5
4537
4526
4515
4514.5
4514
4514.5
4514
4526
4515
4565.5
4576
4573.5
4591
4591.5
4592
4591.5
4591
4573.5
4576
4583.5
4571
4573.5
4591
4573.5
4571
4565.5
4515
4537.5
4515
4537.5
4560
4514.5
4514
4514.5
4515
4514.5
4560
4537.5
4515
4537.5
4515
4514.5
4560
4537.5
4571
4583.5
4591
4573.5
4560
4558
4515
4506
4462
4449
4462
4506
4514
4514.5
4515
4535.5
4515
4506
4515
4535.5
4556
4558
4560
4535.5
4515
4514.5
4514
4480
4462
4480
4498
4506
4515
4514.5
4515
4535.5
4515
4514.5
4556
4535.5
4515
4514.5
4514
4514.5
4514
4535.5
4556
4535.5
4515
4558
4556
4558
4556
4535.5
4515
4535.5
4560
4565.5
4560
4565.5
4560
4558
4560
4535.5
4560
4573.5
4591
4600
4608
4591.5
4591
4600
4592
4591.5
4591
4583.5
4576
4591.5
4592
4583.5
4592
4600
4592
4591.5
4591
4573.5
4591
4591.5
4592
4600
4592
4600
4608
4619.5
4631
4635.5
4631
4635.5
4655
4647.5
4640
4675
4711
4703
4711
4716
4711
4716
4711
4703
4695
4675
4655
4703
4711
4723
4711
4703
4695
4703
4711
4716
4721
4716
4721
4723
4721
4703
4711
4716
4721
4723
4725
4723
4725
4761
4773
4777
4777
4777
4785
4781
4785
4815
4803
4835
4843
4846.5
4843
4846.5
4850
4846.5
4843
4835
4850
4858.5
4867
4867
4867
4858.5
4867
4912.5
4920
4886
4905
4922.5
4922
4922.5
4922
4922.5
4922
4913.5
4922
4932
4941
4932
4923
4922.5
4941
4932
4923
4932
4923
4932
4923
4922.5
4923
4932
4941
4922.5
4923
4932
4922
4913.5
4905
4867
4867
4867
4850
4835
4827
4817
4824
4817
4810
4806.5
4824
4806.5
4803
4806.5
4824
4817
4810
4806.5
4803
4806.5
4824
4817
4824
4825.5
4827
4835
4824
4825.5
4827
4825.5
4810
4817
4824
4817
4810
4806.5
4810
4817
4810
4796
4803
4796
4803
4787
4777
4777
4777
4775
4766
4769.5
4777
4769.5
4773
4757.5
4773
4769.5
4777
4775
4777
4769.5
4777
4787
4785
4781
4785
4781
4785
4787
4803
4817
4810
4825.5
4824
4825.5
4827
4835
4843
4846.5
4827
4825.5
4827
4846.5
4867
4846.5
4867
4858.5
4867
4892
4884
4875.5
4884
4875.5
4900
4908.5
4905
4908.5
4912
4908.5
4905
4902.5
4900
4892
4905
4902.5
4900
4892
4900
4892
4867
4867
4884
4875.5
4867
4858.5
4850
4835
4827
4835
4824
4817
4824
4817
4824
4806.5
4810
4825.5
4827
4835
4843
4846.5
4850
4846.5
4867
4858.5
4850
4858.5
4843
4846.5
4850
4846.5
4827
4825.5
4824
4817
4824
4825.5
4824
4825.5
4827
4825.5
4843
4858.5
4867
4870
4873
4878.5
4873
4878.5
4873
4878.5
4892
4888
4873
4870
4867
4870
4867
4878.5
4867
4867
4867
4870
4867
4867
4867
4858.5
4843
4846.5
4867
4858.5
4867
4867
4867
4870
4867
4867
4867
4863.5
4860
4855
4860
4855
4867
4863.5
4850
4855
4860
4863.5
4867
4870
4867
4867
4867
4867
4867
4855
4860
4863.5
4867
4863.5
4860
4855
4850
4855
4843
4846.5
4860
4863.5
4860
4855
4860
4855
4843
4837
4843
4837
4831
4837
4850
4855
4860
4855
4860
4863.5
4860
4863.5
4860
4867
4867
4863.5
4860
4867
4873
4878.5
4873
4878.5
4892
4902.5
4905
4907
4900
4896
4892
4896
4892
4888
4900
4896
4892
4888
4884
4888
4892
4878.5
4873
4873
4873
4870
4873
4873
4873
4873
4873
4873
4873
4870
4867
4867
4867
4867
4867
4867
4860
4855
4860
4855
4860
4863.5
4867
4870
4873
4873
4873
4870
4873
4873
4873
4870
4873
4878.5
4884
4888
4900
4888
4873
4873
4873
4867
4867
4867
4867
4867
4867
4870
4873
4873
4884
4888
4884
4888
4892
4888
4884
4888
4884
4888
4892
4878.5
4873
4878.5
4873
4873
4873
4878.5
4873
4878.5
4884
4896
4892
4896
4892
4878.5
4884
4878.5
4873
4878.5
4873
4878.5
4884
4873
4873
4870
4867
4873
4873
4878.5
4892
4888
4884
4888
4892
4888
4884
4896
4900
4904.5
4909
4904.5
4909
4909
4909
4909
4900
4896
4900
4904.5
4909
4909
4909
4910.5
4909
4904.5
4909
4910.5
4912
4910.5
4909
4904.5
4909
4909
4909
4910.5
4909
4904.5
4900
4894.5
4892
4894.5
4892
4888
4897
4888
4897
4894.5
4892
4898.5
4900
4898.5
4900
4904.5
4900
4898.5
4900
4898.5
4892
4894.5
4892
4885
4892
4889
4897
4898.5
4900
4904.5
4897
4894.5
4897
4894.5
4892
4894.5
4900
4904.5
4900
4904.5
4900
4904.5
4909
4909
4909
4904.5
4909
4909
4909
4902.5
4909
4902.5
4909
4902.5
4900
4898.5
4900
4894.5
4900
4902.5
4900
4898.5
4897
4902.5
4905
4902.5
4897
4898.5
4892
4894.5
4892
4894.5
4892
4889
4886
4885
4884
4885
4886
4885
4892
4894.5
4897
4902.5
4897
4898.5
4900
4902.5
4897
4902.5
4900
4902.5
4900
4898.5
4897
4894.5
4897
4894.5
4897
4898.5
4900
4907
4909
4909
4909
4909
4909
4909
4912
4914
4912
4910.5
4912
4910.5
4909
4909
4909
4910.5
4909
4910.5
4912
4910.5
4916
4914
4916
4914
4916
4910.5
4912
4914
4912
4914
4912
4910.5
4909
4909
4909
4910.5
4909
4910.5
4909
4910.5
4912
4925
4916
4914
4912
4914
4934
4925
4916
4914
4909
4910.5
4909
4910.5
4909
4907
4900
4898.5
4900
4902.5
4905
4902.5
4905
4902.5
4905
4907
4905
4902.5
4905
4902.5
4900
4894.5
4892
4889
4892
4894.5
4892
4894.5
4892
4894.5
4886
4889
4897
4894.5
4892
4885
4884
4873
4884
4878.5
4884
4873
4873
4873
4873
4866.5
4860
4873
4873
4852.5
4845
4844.5
4845
4852.5
4845
4844.5
4844
4844.5
4844
4833
4835
4833
4831
4839.5
4845
4852.5
4860
4852.5
4860
4873
4860
4852.5
4844
4839.5
4835
4833
4835
4839.5
4835
4844.5
4860
4852.5
4844
4833
4835
4825
4835
4833
4835
4844.5
4845
4844.5
4835
4833
4819
4833
4844
4844.5
4845
4852.5
4873
4874
4875
4873
4873
4873
4873
4873
4873
4874
4884
4879.5
4875
4873
4875
4885
4886
4889
4886
4894.5
4897
4898.5
4900
4902.5
4900
4902.5
4909
4909
4909
4909
4912
4909
4909
4910.5
4916
4914
4916
4914
4916
4925
4916
4925
4916
4941
4934
4941
4916
4914
4916
4925
4948
4951
4963
4958.5
4954
4954
4948
4941
4954
4951
4954
4954
4963
4958.5
4963
4958.5
4971
4958.5
4954
4954
4954
4954
4963
4958.5
4954
4958.5
4954
4958.5
4963
4976
4981
5000
5006
5009
5006
5009
5006
5006
5006
5006
5006
5006
5006
5006
5006
5006
5006
5006
5006
5009
5006
5006
4994
5000
4994
4987.5
4994
4987.5
4981
4970
4971
4970
4969
4966
4971
4987.5
4981
4987.5
4981
4987.5
4981
5000
4994
5000
5006
5006
4994
5000
5006
4991
4994
5006
5006
5000
5006
5000
5006
5000
4994
5000
4994
5000
5009
5007.5
5006
5010.5
5012
5022
5024
5029
5020
5016
5020
5022
5020
5029
5024
5029
5034
5029
5024
5034.5
5035
5029
5034
5029
5024
5022
5020
5029
5024
5022
5034
5034.5
5035
5039
5043
5043.5
5044
5044.5
5044
5044.5
5044
5044
5044
5044.5
5056
5066
5076
5066
5077
5078.5
5080
5078.5
5080
5083.5
5080
5076.5
5077
5076.5
5076
5076.5
5077
5066
5056
5050.5
5045
5044.5
5045
5066
5056
5076.5
5076
5066
5056
5050.5
5045
5044.5
5045
5044.5
5044
5044.5
5045
5044.5
5056
5076.5
5056
5066
5076
5066
5076
5078.5
5077
5078.5
5077
5083.5
5092
5099.5
5087
5089.5
5092
5089.5
5092
5108
5109
5113
5117
5122.5
5123
5119.5
5117
5113
5109
5113
5109
5113
5109
5108
5109
5113
5109
5113
5107
5099.5
5107
5099.5
5107
5089.5
5087
5083.5
5092
5099.5
5092
5089.5
5087
5089.5
5092
5089.5
5087
5083.5
5077
5076.5
5056
5066
5045
5050.5
5045
5044.5
5044
5043
5044
5043.5
5043
5043
5043
5043.5
5044
5044
5044
5044
5045
5050.5
5045
5044.5
5045
5066
5077
5078.5
5080
5078.5
5087
5078.5
5087
5089.5
5080
5078.5
5087
5083.5
5080
5083.5
5092
5083.5
5087
5099.5
5092
5089.5
5092
5083.5
5080
5079
5078
5077.5
5078
5077.5
5076
5050.5
5045
5044
5044
5043.5
5044
5044
5043
5043.5
5044
5043.5
5044
5044.5
5045
5050.5
5044
5044
5045
5066
5076
5076.5
5078
5076.5
5056
5066
5056
5066
5056
5044.5
5045
5066
5076
5066
5056
5050.5
5045
5044.5
5044
5050.5
5044
5044.5
5045
5066
5076
5066
5056
5066
5076
5050.5
5044
5044
5044
5044.5
5045
5044.5
5045
5050.5
5045
5050.5
5045
5044
5044
5043.5
5043
5043.5
5044
5044.5
5044
5050.5
5045
5044
5044
5044
5044
5043.5
5044
5043
5043
5043
5043
5032
5035
5043
5043
5044
5044
5044
5044
5044.5
5044
5044
5044
5043.5
5043
5043
5043
5043
5043
5032
5035
5026.5
5024
5032
5043
5043
5043
5043.5
5043
5043.5
5044
5044
5044
5044
5044
5044
5045
5050.5
5045
5050.5
5056
5066
5077
5076.5
5077
5066
5056
5050.5
5044
5044.5
5044
5044
5044
5044
5044
5043
5043
5043.5
5043
5044
5044
5044.5
5045
5066
5056
5050.5
5044
5050.5
5056
5066
5056
5050.5
5044
5044
5044
5044.5
5045
5044.5
5044
5044.5
5044
5044
5044
5044.5
5044
5044
5044
5044
5044
5043.5
5044
5044
5044
5044.5
5056
5076.5
5076
5076.5
5076
5066
5076
5076.5
5078
5077.5
5076
5066
5045
5050.5
5056
5050.5
5056
5050.5
5045
5066
5056
5076.5
5078
5079
5080
5077.5
5077
5077.5
5078
5079
5077
5077.5
5077
5076.5
5077
5077.5
5080
5079
5080
5079
5077
5079
5077
5077.5
5078
5079
5080
5084
5088
5090
5092
5100.5
5109
5113
5109
5113
5122
5122.5
5122
5123
5123
5123
5123
5122.5
5122
5122.5
5117
5113
5117
5119.5
5117
5113
5122
5122.5
5117
5119.5
5117
5113
5109
5100.5
5107
5100.5
5107
5100.5
5107
5108
5107
5108
5107
5093
5094
5093
5092
5093
5092
5084
5078
5079
5080
5079
5078
5076.5
5077
5077.5
5076
5076.5
5077
5077.5
5077
5066
5076
5077.5
5077
5077.5
5078
5079
5080
5079
5078
5076.5
5076
5076.5
5076
5066
5056
5050.5
5045
5050.5
5056
5050.5
5044
5044.5
5045
5050.5
5056
5050.5
5045
5050.5
5076
5076.5
5076
5076.5
5078
5077.5
5076
5076.5
5076
5050.5
5056
5066
5076
5066
5056
5044.5
5056
5066
5076
5076.5
5077
5077.5
5077
5076.5
5077
5076.5
5078
5076.5
5076
5054.5
5053
5054.5
5045
5043.5
5044
5044.5
5044
5044.5
5045
5044.5
5045
5044.5
5053
5054.5
5045
5049
5056
5076.5
5077
5066
5077
5076.5
5077
5076.5
5076
5066
5056
5054.5
5056
5066
5076
5076.5
5077
5076.5
5076
5077.5
5078
5084
5088
5084
5080
5084
5078
5076.5
5077
5066
5053
5044.5
5045
5049
5056
5076.5
5077
5066
5056
5054.5
5076
5054.5
5056
5054.5
5053
5054.5
5056
5054.5
5053
5044.5
5045
5044.5
5044
5044.5
5045
5044.5
5043
5044.5
5044
5044.5
5044
5044.5
5043
5042.5
5042
5042.5
5043
5043.5
5044
5044.5
5053
5054.5
5076
5077
5076
5077
5076
5066
5078
5066
5056
5054.5
5056
5066
5076
5079
5076
5066
5053
5049
5053
5044.5
5044
5049
5045
5044.5
5044
5044.5
5053
5066
5076
5066
5056
5054.5
5056
5054.5
5053
5054.5
5056
5054.5
5056
5077
5080
5079
5080
5077
5076
5079
5076
5077
5078
5077
5076
5077
5078
5066
5056
5054.5
5053
5054.5
5056
5054.5
5076
5077
5076
5079
5078
5079
5080
5084
5078
5079
5080
5079
5078
5084
5080
5077
5076
5054.5
5045
5049
5045
5049
5045
5049
5045
5049
5045
5043.5
5045
5049
5053
5049
5053
5054.5
5045
5038.5
5035
5038.5
5042
5038.5
5042
5034
5035
5038.5
5042
5034
5033
5038.5
5042
5043.5
5045
5043.5
5053
5066
5078
5079
5078
5084
5092
5094.5
5095
5093
5094
